<?xml version="1.0" encoding="UTF-8"?>
<!-- Generated by org.testng.reporters.JUnitXMLReporter -->
<testsuite ignored="2" hostname="DESKTOP-F4535QR" failures="0" tests="2" name="Feature Topic test" time="14.499" errors="0" timestamp="2022-06-19T23:28:42 CDT">
  <testcase classname="cases.parttwo.FunctionalTestCase" name="resultsReturned_Test" time="8.762"/>
  <testcase classname="cases.parttwo.FunctionalTestCase" name="featureRelatedReading_Test" time="3.187"/>
  <testcase classname="cases.parttwo.FunctionalTestCase" name="movie_Test" time="0.0">
    <ignored/>
  </testcase> <!-- movie_Test -->
  <testcase classname="cases.parttwo.FunctionalTestCase" name="closedCaptions_Test" time="0.0">
    <ignored/>
  </testcase> <!-- closedCaptions_Test -->
</testsuite> <!-- Feature Topic test -->
