<?xml version="1.0" encoding="UTF-8"?>
<!-- Generated by org.testng.reporters.JUnitXMLReporter -->
<testsuite ignored="3" hostname="DESKTOP-F4535QR" failures="0" tests="1" name="Results count test" time="11.202" errors="0" timestamp="2022-06-19T23:27:57 CDT">
  <testcase classname="cases.parttwo.FunctionalTestCase" name="resultsReturned_Test" time="8.235"/>
  <testcase classname="cases.parttwo.FunctionalTestCase" name="featureRelatedReading_Test" time="0.0">
    <ignored/>
  </testcase> <!-- featureRelatedReading_Test -->
  <testcase classname="cases.parttwo.FunctionalTestCase" name="closedCaptions_Test" time="0.0">
    <ignored/>
  </testcase> <!-- closedCaptions_Test -->
  <testcase classname="cases.parttwo.FunctionalTestCase" name="movie_Test" time="0.0">
    <ignored/>
  </testcase> <!-- movie_Test -->
</testsuite> <!-- Results count test -->
